                                 Started job on |	Aug 12 13:06:07
                             Started mapping on |	Aug 12 13:06:07
                                    Finished on |	Aug 12 13:14:05
       Mapping speed, Million of reads per hour |	312.56

                          Number of input reads |	41500374
                      Average input read length |	91
                                    UNIQUE READS:
                   Uniquely mapped reads number |	30232034
                        Uniquely mapped reads % |	72.85%
                          Average mapped length |	91.76
                       Number of splices: Total |	0
            Number of splices: Annotated (sjdb) |	0
                       Number of splices: GT/AG |	0
                       Number of splices: GC/AG |	0
                       Number of splices: AT/AC |	0
               Number of splices: Non-canonical |	0
                      Mismatch rate per base, % |	0.16%
                         Deletion rate per base |	0.00%
                        Deletion average length |	1.54
                        Insertion rate per base |	0.00%
                       Insertion average length |	1.11
                             MULTI-MAPPING READS:
        Number of reads mapped to multiple loci |	1331
             % of reads mapped to multiple loci |	0.00%
        Number of reads mapped to too many loci |	0
             % of reads mapped to too many loci |	0.00%
                                  UNMAPPED READS:
  Number of reads unmapped: too many mismatches |	1726456
       % of reads unmapped: too many mismatches |	4.16%
            Number of reads unmapped: too short |	2588517
                 % of reads unmapped: too short |	6.24%
                Number of reads unmapped: other |	6952036
                     % of reads unmapped: other |	16.75%
                                  CHIMERIC READS:
                       Number of chimeric reads |	0
                            % of chimeric reads |	0.00%
