                                 Started job on |	Aug 12 13:23:06
                             Started mapping on |	Aug 12 13:23:06
                                    Finished on |	Aug 12 13:26:59
       Mapping speed, Million of reads per hour |	442.03

                          Number of input reads |	28609242
                      Average input read length |	91
                                    UNIQUE READS:
                   Uniquely mapped reads number |	22084997
                        Uniquely mapped reads % |	77.20%
                          Average mapped length |	91.33
                       Number of splices: Total |	0
            Number of splices: Annotated (sjdb) |	0
                       Number of splices: GT/AG |	0
                       Number of splices: GC/AG |	0
                       Number of splices: AT/AC |	0
               Number of splices: Non-canonical |	0
                      Mismatch rate per base, % |	0.19%
                         Deletion rate per base |	0.01%
                        Deletion average length |	1.46
                        Insertion rate per base |	0.00%
                       Insertion average length |	1.10
                             MULTI-MAPPING READS:
        Number of reads mapped to multiple loci |	1044
             % of reads mapped to multiple loci |	0.00%
        Number of reads mapped to too many loci |	0
             % of reads mapped to too many loci |	0.00%
                                  UNMAPPED READS:
  Number of reads unmapped: too many mismatches |	1570978
       % of reads unmapped: too many mismatches |	5.49%
            Number of reads unmapped: too short |	2200878
                 % of reads unmapped: too short |	7.69%
                Number of reads unmapped: other |	2751345
                     % of reads unmapped: other |	9.62%
                                  CHIMERIC READS:
                       Number of chimeric reads |	0
                            % of chimeric reads |	0.00%
