                                 Started job on |	Aug 12 13:55:02
                             Started mapping on |	Aug 12 13:55:02
                                    Finished on |	Aug 12 13:58:49
       Mapping speed, Million of reads per hour |	474.07

                          Number of input reads |	29892758
                      Average input read length |	91
                                    UNIQUE READS:
                   Uniquely mapped reads number |	23384952
                        Uniquely mapped reads % |	78.23%
                          Average mapped length |	90.78
                       Number of splices: Total |	0
            Number of splices: Annotated (sjdb) |	0
                       Number of splices: GT/AG |	0
                       Number of splices: GC/AG |	0
                       Number of splices: AT/AC |	0
               Number of splices: Non-canonical |	0
                      Mismatch rate per base, % |	0.21%
                         Deletion rate per base |	0.00%
                        Deletion average length |	1.67
                        Insertion rate per base |	0.00%
                       Insertion average length |	1.09
                             MULTI-MAPPING READS:
        Number of reads mapped to multiple loci |	1014
             % of reads mapped to multiple loci |	0.00%
        Number of reads mapped to too many loci |	0
             % of reads mapped to too many loci |	0.00%
                                  UNMAPPED READS:
  Number of reads unmapped: too many mismatches |	1674598
       % of reads unmapped: too many mismatches |	5.60%
            Number of reads unmapped: too short |	2377918
                 % of reads unmapped: too short |	7.95%
                Number of reads unmapped: other |	2454276
                     % of reads unmapped: other |	8.21%
                                  CHIMERIC READS:
                       Number of chimeric reads |	0
                            % of chimeric reads |	0.00%
