                                 Started job on |	Aug 12 12:55:05
                             Started mapping on |	Aug 12 12:55:05
                                    Finished on |	Aug 12 12:57:40
       Mapping speed, Million of reads per hour |	742.12

                          Number of input reads |	31952469
                      Average input read length |	91
                                    UNIQUE READS:
                   Uniquely mapped reads number |	26054934
                        Uniquely mapped reads % |	81.54%
                          Average mapped length |	90.61
                       Number of splices: Total |	0
            Number of splices: Annotated (sjdb) |	0
                       Number of splices: GT/AG |	0
                       Number of splices: GC/AG |	0
                       Number of splices: AT/AC |	0
               Number of splices: Non-canonical |	0
                      Mismatch rate per base, % |	0.22%
                         Deletion rate per base |	0.01%
                        Deletion average length |	1.51
                        Insertion rate per base |	0.00%
                       Insertion average length |	1.10
                             MULTI-MAPPING READS:
        Number of reads mapped to multiple loci |	955
             % of reads mapped to multiple loci |	0.00%
        Number of reads mapped to too many loci |	0
             % of reads mapped to too many loci |	0.00%
                                  UNMAPPED READS:
  Number of reads unmapped: too many mismatches |	2147732
       % of reads unmapped: too many mismatches |	6.72%
            Number of reads unmapped: too short |	3063975
                 % of reads unmapped: too short |	9.59%
                Number of reads unmapped: other |	684873
                     % of reads unmapped: other |	2.14%
                                  CHIMERIC READS:
                       Number of chimeric reads |	0
                            % of chimeric reads |	0.00%
