                                 Started job on |	Aug 12 13:40:39
                             Started mapping on |	Aug 12 13:40:39
                                    Finished on |	Aug 12 13:42:51
       Mapping speed, Million of reads per hour |	845.80

                          Number of input reads |	31012718
                      Average input read length |	91
                                    UNIQUE READS:
                   Uniquely mapped reads number |	25956267
                        Uniquely mapped reads % |	83.70%
                          Average mapped length |	90.76
                       Number of splices: Total |	0
            Number of splices: Annotated (sjdb) |	0
                       Number of splices: GT/AG |	0
                       Number of splices: GC/AG |	0
                       Number of splices: AT/AC |	0
               Number of splices: Non-canonical |	0
                      Mismatch rate per base, % |	0.19%
                         Deletion rate per base |	0.00%
                        Deletion average length |	1.70
                        Insertion rate per base |	0.00%
                       Insertion average length |	1.10
                             MULTI-MAPPING READS:
        Number of reads mapped to multiple loci |	898
             % of reads mapped to multiple loci |	0.00%
        Number of reads mapped to too many loci |	0
             % of reads mapped to too many loci |	0.00%
                                  UNMAPPED READS:
  Number of reads unmapped: too many mismatches |	1834836
       % of reads unmapped: too many mismatches |	5.92%
            Number of reads unmapped: too short |	2734810
                 % of reads unmapped: too short |	8.82%
                Number of reads unmapped: other |	485907
                     % of reads unmapped: other |	1.57%
                                  CHIMERIC READS:
                       Number of chimeric reads |	0
                            % of chimeric reads |	0.00%
