                                 Started job on |	Aug 12 13:26:59
                             Started mapping on |	Aug 12 13:26:59
                                    Finished on |	Aug 12 13:30:59
       Mapping speed, Million of reads per hour |	429.14

                          Number of input reads |	28609242
                      Average input read length |	91
                                    UNIQUE READS:
                   Uniquely mapped reads number |	21974935
                        Uniquely mapped reads % |	76.81%
                          Average mapped length |	91.10
                       Number of splices: Total |	0
            Number of splices: Annotated (sjdb) |	0
                       Number of splices: GT/AG |	0
                       Number of splices: GC/AG |	0
                       Number of splices: AT/AC |	0
               Number of splices: Non-canonical |	0
                      Mismatch rate per base, % |	0.22%
                         Deletion rate per base |	0.01%
                        Deletion average length |	1.46
                        Insertion rate per base |	0.00%
                       Insertion average length |	1.10
                             MULTI-MAPPING READS:
        Number of reads mapped to multiple loci |	1107
             % of reads mapped to multiple loci |	0.00%
        Number of reads mapped to too many loci |	0
             % of reads mapped to too many loci |	0.00%
                                  UNMAPPED READS:
  Number of reads unmapped: too many mismatches |	1651758
       % of reads unmapped: too many mismatches |	5.77%
            Number of reads unmapped: too short |	2211066
                 % of reads unmapped: too short |	7.73%
                Number of reads unmapped: other |	2770376
                     % of reads unmapped: other |	9.68%
                                  CHIMERIC READS:
                       Number of chimeric reads |	0
                            % of chimeric reads |	0.00%
