                                 Started job on |	Aug 12 13:14:05
                             Started mapping on |	Aug 12 13:14:05
                                    Finished on |	Aug 12 13:22:18
       Mapping speed, Million of reads per hour |	303.05

                          Number of input reads |	41500374
                      Average input read length |	91
                                    UNIQUE READS:
                   Uniquely mapped reads number |	30039738
                        Uniquely mapped reads % |	72.38%
                          Average mapped length |	91.43
                       Number of splices: Total |	0
            Number of splices: Annotated (sjdb) |	0
                       Number of splices: GT/AG |	0
                       Number of splices: GC/AG |	0
                       Number of splices: AT/AC |	0
               Number of splices: Non-canonical |	0
                      Mismatch rate per base, % |	0.21%
                         Deletion rate per base |	0.00%
                        Deletion average length |	1.54
                        Insertion rate per base |	0.00%
                       Insertion average length |	1.10
                             MULTI-MAPPING READS:
        Number of reads mapped to multiple loci |	1430
             % of reads mapped to multiple loci |	0.00%
        Number of reads mapped to too many loci |	0
             % of reads mapped to too many loci |	0.00%
                                  UNMAPPED READS:
  Number of reads unmapped: too many mismatches |	1872387
       % of reads unmapped: too many mismatches |	4.51%
            Number of reads unmapped: too short |	2612629
                 % of reads unmapped: too short |	6.30%
                Number of reads unmapped: other |	6974190
                     % of reads unmapped: other |	16.81%
                                  CHIMERIC READS:
                       Number of chimeric reads |	0
                            % of chimeric reads |	0.00%
