                                 Started job on |	Aug 12 12:30:26
                             Started mapping on |	Aug 12 12:30:26
                                    Finished on |	Aug 12 12:35:08
       Mapping speed, Million of reads per hour |	463.03

                          Number of input reads |	36270844
                      Average input read length |	91
                                    UNIQUE READS:
                   Uniquely mapped reads number |	28753267
                        Uniquely mapped reads % |	79.27%
                          Average mapped length |	91.60
                       Number of splices: Total |	0
            Number of splices: Annotated (sjdb) |	0
                       Number of splices: GT/AG |	0
                       Number of splices: GC/AG |	0
                       Number of splices: AT/AC |	0
               Number of splices: Non-canonical |	0
                      Mismatch rate per base, % |	0.16%
                         Deletion rate per base |	0.00%
                        Deletion average length |	1.51
                        Insertion rate per base |	0.00%
                       Insertion average length |	1.09
                             MULTI-MAPPING READS:
        Number of reads mapped to multiple loci |	1112
             % of reads mapped to multiple loci |	0.00%
        Number of reads mapped to too many loci |	0
             % of reads mapped to too many loci |	0.00%
                                  UNMAPPED READS:
  Number of reads unmapped: too many mismatches |	1748947
       % of reads unmapped: too many mismatches |	4.82%
            Number of reads unmapped: too short |	2588197
                 % of reads unmapped: too short |	7.14%
                Number of reads unmapped: other |	3179321
                     % of reads unmapped: other |	8.77%
                                  CHIMERIC READS:
                       Number of chimeric reads |	0
                            % of chimeric reads |	0.00%
