                                 Started job on |	Aug 12 13:35:44
                             Started mapping on |	Aug 12 13:35:44
                                    Finished on |	Aug 12 13:39:46
       Mapping speed, Million of reads per hour |	428.86

                          Number of input reads |	28828942
                      Average input read length |	91
                                    UNIQUE READS:
                   Uniquely mapped reads number |	22409642
                        Uniquely mapped reads % |	77.73%
                          Average mapped length |	91.07
                       Number of splices: Total |	0
            Number of splices: Annotated (sjdb) |	0
                       Number of splices: GT/AG |	0
                       Number of splices: GC/AG |	0
                       Number of splices: AT/AC |	0
               Number of splices: Non-canonical |	0
                      Mismatch rate per base, % |	0.20%
                         Deletion rate per base |	0.00%
                        Deletion average length |	1.66
                        Insertion rate per base |	0.00%
                       Insertion average length |	1.08
                             MULTI-MAPPING READS:
        Number of reads mapped to multiple loci |	1007
             % of reads mapped to multiple loci |	0.00%
        Number of reads mapped to too many loci |	0
             % of reads mapped to too many loci |	0.00%
                                  UNMAPPED READS:
  Number of reads unmapped: too many mismatches |	1429158
       % of reads unmapped: too many mismatches |	4.96%
            Number of reads unmapped: too short |	2052991
                 % of reads unmapped: too short |	7.12%
                Number of reads unmapped: other |	2936144
                     % of reads unmapped: other |	10.18%
                                  CHIMERIC READS:
                       Number of chimeric reads |	0
                            % of chimeric reads |	0.00%
