                                 Started job on |	Aug 12 13:51:16
                             Started mapping on |	Aug 12 13:51:16
                                    Finished on |	Aug 12 13:55:02
       Mapping speed, Million of reads per hour |	476.17

                          Number of input reads |	29892758
                      Average input read length |	91
                                    UNIQUE READS:
                   Uniquely mapped reads number |	23505366
                        Uniquely mapped reads % |	78.63%
                          Average mapped length |	91.03
                       Number of splices: Total |	0
            Number of splices: Annotated (sjdb) |	0
                       Number of splices: GT/AG |	0
                       Number of splices: GC/AG |	0
                       Number of splices: AT/AC |	0
               Number of splices: Non-canonical |	0
                      Mismatch rate per base, % |	0.18%
                         Deletion rate per base |	0.00%
                        Deletion average length |	1.69
                        Insertion rate per base |	0.00%
                       Insertion average length |	1.09
                             MULTI-MAPPING READS:
        Number of reads mapped to multiple loci |	895
             % of reads mapped to multiple loci |	0.00%
        Number of reads mapped to too many loci |	0
             % of reads mapped to too many loci |	0.00%
                                  UNMAPPED READS:
  Number of reads unmapped: too many mismatches |	1586762
       % of reads unmapped: too many mismatches |	5.31%
            Number of reads unmapped: too short |	2364964
                 % of reads unmapped: too short |	7.91%
                Number of reads unmapped: other |	2434771
                     % of reads unmapped: other |	8.15%
                                  CHIMERIC READS:
                       Number of chimeric reads |	0
                            % of chimeric reads |	0.00%
