                                 Started job on |	Aug 12 12:58:38
                             Started mapping on |	Aug 12 12:58:38
                                    Finished on |	Aug 12 13:01:42
       Mapping speed, Million of reads per hour |	659.16

                          Number of input reads |	33690542
                      Average input read length |	91
                                    UNIQUE READS:
                   Uniquely mapped reads number |	27448796
                        Uniquely mapped reads % |	81.47%
                          Average mapped length |	91.15
                       Number of splices: Total |	0
            Number of splices: Annotated (sjdb) |	0
                       Number of splices: GT/AG |	0
                       Number of splices: GC/AG |	0
                       Number of splices: AT/AC |	0
               Number of splices: Non-canonical |	0
                      Mismatch rate per base, % |	0.19%
                         Deletion rate per base |	0.01%
                        Deletion average length |	1.50
                        Insertion rate per base |	0.00%
                       Insertion average length |	1.09
                             MULTI-MAPPING READS:
        Number of reads mapped to multiple loci |	1106
             % of reads mapped to multiple loci |	0.00%
        Number of reads mapped to too many loci |	0
             % of reads mapped to too many loci |	0.00%
                                  UNMAPPED READS:
  Number of reads unmapped: too many mismatches |	2017556
       % of reads unmapped: too many mismatches |	5.99%
            Number of reads unmapped: too short |	2878803
                 % of reads unmapped: too short |	8.54%
                Number of reads unmapped: other |	1344281
                     % of reads unmapped: other |	3.99%
                                  CHIMERIC READS:
                       Number of chimeric reads |	0
                            % of chimeric reads |	0.00%
