                                 Started job on |	Aug 12 12:40:44
                             Started mapping on |	Aug 12 12:40:44
                                    Finished on |	Aug 12 12:46:16
       Mapping speed, Million of reads per hour |	352.37

                          Number of input reads |	32495896
                      Average input read length |	91
                                    UNIQUE READS:
                   Uniquely mapped reads number |	23682624
                        Uniquely mapped reads % |	72.88%
                          Average mapped length |	91.06
                       Number of splices: Total |	0
            Number of splices: Annotated (sjdb) |	0
                       Number of splices: GT/AG |	0
                       Number of splices: GC/AG |	0
                       Number of splices: AT/AC |	0
               Number of splices: Non-canonical |	0
                      Mismatch rate per base, % |	0.18%
                         Deletion rate per base |	0.01%
                        Deletion average length |	1.54
                        Insertion rate per base |	0.00%
                       Insertion average length |	1.09
                             MULTI-MAPPING READS:
        Number of reads mapped to multiple loci |	989
             % of reads mapped to multiple loci |	0.00%
        Number of reads mapped to too many loci |	0
             % of reads mapped to too many loci |	0.00%
                                  UNMAPPED READS:
  Number of reads unmapped: too many mismatches |	1835018
       % of reads unmapped: too many mismatches |	5.65%
            Number of reads unmapped: too short |	2681875
                 % of reads unmapped: too short |	8.25%
                Number of reads unmapped: other |	4295390
                     % of reads unmapped: other |	13.22%
                                  CHIMERIC READS:
                       Number of chimeric reads |	0
                            % of chimeric reads |	0.00%
