                                 Started job on |	Aug 12 12:46:16
                             Started mapping on |	Aug 12 12:46:16
                                    Finished on |	Aug 12 12:51:50
       Mapping speed, Million of reads per hour |	350.26

                          Number of input reads |	32495896
                      Average input read length |	91
                                    UNIQUE READS:
                   Uniquely mapped reads number |	23565364
                        Uniquely mapped reads % |	72.52%
                          Average mapped length |	90.83
                       Number of splices: Total |	0
            Number of splices: Annotated (sjdb) |	0
                       Number of splices: GT/AG |	0
                       Number of splices: GC/AG |	0
                       Number of splices: AT/AC |	0
               Number of splices: Non-canonical |	0
                      Mismatch rate per base, % |	0.21%
                         Deletion rate per base |	0.01%
                        Deletion average length |	1.54
                        Insertion rate per base |	0.00%
                       Insertion average length |	1.09
                             MULTI-MAPPING READS:
        Number of reads mapped to multiple loci |	1076
             % of reads mapped to multiple loci |	0.00%
        Number of reads mapped to too many loci |	0
             % of reads mapped to too many loci |	0.00%
                                  UNMAPPED READS:
  Number of reads unmapped: too many mismatches |	1913223
       % of reads unmapped: too many mismatches |	5.89%
            Number of reads unmapped: too short |	2700676
                 % of reads unmapped: too short |	8.31%
                Number of reads unmapped: other |	4315557
                     % of reads unmapped: other |	13.28%
                                  CHIMERIC READS:
                       Number of chimeric reads |	0
                            % of chimeric reads |	0.00%
