                                 Started job on |	Aug 12 14:11:05
                             Started mapping on |	Aug 12 14:11:05
                                    Finished on |	Aug 12 14:16:08
       Mapping speed, Million of reads per hour |	362.66

                          Number of input reads |	30524248
                      Average input read length |	91
                                    UNIQUE READS:
                   Uniquely mapped reads number |	22911500
                        Uniquely mapped reads % |	75.06%
                          Average mapped length |	90.86
                       Number of splices: Total |	0
            Number of splices: Annotated (sjdb) |	0
                       Number of splices: GT/AG |	0
                       Number of splices: GC/AG |	0
                       Number of splices: AT/AC |	0
               Number of splices: Non-canonical |	0
                      Mismatch rate per base, % |	0.18%
                         Deletion rate per base |	0.00%
                        Deletion average length |	1.54
                        Insertion rate per base |	0.00%
                       Insertion average length |	1.08
                             MULTI-MAPPING READS:
        Number of reads mapped to multiple loci |	1127
             % of reads mapped to multiple loci |	0.00%
        Number of reads mapped to too many loci |	0
             % of reads mapped to too many loci |	0.00%
                                  UNMAPPED READS:
  Number of reads unmapped: too many mismatches |	1555516
       % of reads unmapped: too many mismatches |	5.10%
            Number of reads unmapped: too short |	2291447
                 % of reads unmapped: too short |	7.51%
                Number of reads unmapped: other |	3764658
                     % of reads unmapped: other |	12.33%
                                  CHIMERIC READS:
                       Number of chimeric reads |	0
                            % of chimeric reads |	0.00%
