                                 Started job on |	Aug 13 00:07:47
                             Started mapping on |	Aug 13 00:07:48
                                    Finished on |	Aug 13 00:52:07
       Mapping speed, Million of reads per hour |	12.09

                          Number of input reads |	8929456
                      Average input read length |	91
                                    UNIQUE READS:
                   Uniquely mapped reads number |	3779113
                        Uniquely mapped reads % |	42.32%
                          Average mapped length |	95.94
                       Number of splices: Total |	3900176
            Number of splices: Annotated (sjdb) |	3900176
                       Number of splices: GT/AG |	22385
                       Number of splices: GC/AG |	15321
                       Number of splices: AT/AC |	72364
               Number of splices: Non-canonical |	3790106
                      Mismatch rate per base, % |	0.11%
                         Deletion rate per base |	0.67%
                        Deletion average length |	11.69
                        Insertion rate per base |	0.01%
                       Insertion average length |	3.59
                             MULTI-MAPPING READS:
        Number of reads mapped to multiple loci |	28804
             % of reads mapped to multiple loci |	0.32%
        Number of reads mapped to too many loci |	2
             % of reads mapped to too many loci |	0.00%
                                  UNMAPPED READS:
  Number of reads unmapped: too many mismatches |	458439
       % of reads unmapped: too many mismatches |	5.13%
            Number of reads unmapped: too short |	377827
                 % of reads unmapped: too short |	4.23%
                Number of reads unmapped: other |	4285271
                     % of reads unmapped: other |	47.99%
                                  CHIMERIC READS:
                       Number of chimeric reads |	0
                            % of chimeric reads |	0.00%
