                                 Started job on |	Aug 13 10:44:11
                             Started mapping on |	Aug 13 10:44:11
                                    Finished on |	Aug 13 10:53:16
       Mapping speed, Million of reads per hour |	33.39

                          Number of input reads |	5055553
                      Average input read length |	94
                                    UNIQUE READS:
                   Uniquely mapped reads number |	3993577
                        Uniquely mapped reads % |	78.99%
                          Average mapped length |	95.96
                       Number of splices: Total |	4152811
            Number of splices: Annotated (sjdb) |	4152811
                       Number of splices: GT/AG |	11113
                       Number of splices: GC/AG |	5342
                       Number of splices: AT/AC |	102696
               Number of splices: Non-canonical |	4033660
                      Mismatch rate per base, % |	0.08%
                         Deletion rate per base |	0.24%
                        Deletion average length |	11.68
                        Insertion rate per base |	0.01%
                       Insertion average length |	3.64
                             MULTI-MAPPING READS:
        Number of reads mapped to multiple loci |	23289
             % of reads mapped to multiple loci |	0.46%
        Number of reads mapped to too many loci |	0
             % of reads mapped to too many loci |	0.00%
                                  UNMAPPED READS:
  Number of reads unmapped: too many mismatches |	357048
       % of reads unmapped: too many mismatches |	7.06%
            Number of reads unmapped: too short |	150619
                 % of reads unmapped: too short |	2.98%
                Number of reads unmapped: other |	531020
                     % of reads unmapped: other |	10.50%
                                  CHIMERIC READS:
                       Number of chimeric reads |	0
                            % of chimeric reads |	0.00%
