                                 Started job on |	Aug 13 10:53:16
                             Started mapping on |	Aug 13 10:53:16
                                    Finished on |	Aug 13 11:03:12
       Mapping speed, Million of reads per hour |	31.35

                          Number of input reads |	5189608
                      Average input read length |	94
                                    UNIQUE READS:
                   Uniquely mapped reads number |	3989603
                        Uniquely mapped reads % |	76.88%
                          Average mapped length |	95.89
                       Number of splices: Total |	4146971
            Number of splices: Annotated (sjdb) |	4146971
                       Number of splices: GT/AG |	11066
                       Number of splices: GC/AG |	5262
                       Number of splices: AT/AC |	102082
               Number of splices: Non-canonical |	4028561
                      Mismatch rate per base, % |	0.10%
                         Deletion rate per base |	0.24%
                        Deletion average length |	11.67
                        Insertion rate per base |	0.01%
                       Insertion average length |	3.65
                             MULTI-MAPPING READS:
        Number of reads mapped to multiple loci |	23860
             % of reads mapped to multiple loci |	0.46%
        Number of reads mapped to too many loci |	0
             % of reads mapped to too many loci |	0.00%
                                  UNMAPPED READS:
  Number of reads unmapped: too many mismatches |	452904
       % of reads unmapped: too many mismatches |	8.73%
            Number of reads unmapped: too short |	165396
                 % of reads unmapped: too short |	3.19%
                Number of reads unmapped: other |	557845
                     % of reads unmapped: other |	10.75%
                                  CHIMERIC READS:
                       Number of chimeric reads |	0
                            % of chimeric reads |	0.00%
