                                 Started job on |	Aug 12 23:22:56
                             Started mapping on |	Aug 12 23:22:56
                                    Finished on |	Aug 13 00:07:47
       Mapping speed, Million of reads per hour |	11.79

                          Number of input reads |	8812283
                      Average input read length |	91
                                    UNIQUE READS:
                   Uniquely mapped reads number |	3780878
                        Uniquely mapped reads % |	42.90%
                          Average mapped length |	96.02
                       Number of splices: Total |	3902928
            Number of splices: Annotated (sjdb) |	3902928
                       Number of splices: GT/AG |	22476
                       Number of splices: GC/AG |	15263
                       Number of splices: AT/AC |	72492
               Number of splices: Non-canonical |	3792697
                      Mismatch rate per base, % |	0.09%
                         Deletion rate per base |	0.67%
                        Deletion average length |	11.65
                        Insertion rate per base |	0.01%
                       Insertion average length |	3.65
                             MULTI-MAPPING READS:
        Number of reads mapped to multiple loci |	27793
             % of reads mapped to multiple loci |	0.32%
        Number of reads mapped to too many loci |	0
             % of reads mapped to too many loci |	0.00%
                                  UNMAPPED READS:
  Number of reads unmapped: too many mismatches |	381513
       % of reads unmapped: too many mismatches |	4.33%
            Number of reads unmapped: too short |	361328
                 % of reads unmapped: too short |	4.10%
                Number of reads unmapped: other |	4260771
                     % of reads unmapped: other |	48.35%
                                  CHIMERIC READS:
                       Number of chimeric reads |	0
                            % of chimeric reads |	0.00%
