                                 Started job on |	Aug 13 09:50:07
                             Started mapping on |	Aug 13 09:50:07
                                    Finished on |	Aug 13 10:17:13
       Mapping speed, Million of reads per hour |	13.95

                          Number of input reads |	6302594
                      Average input read length |	92
                                    UNIQUE READS:
                   Uniquely mapped reads number |	2854806
                        Uniquely mapped reads % |	45.30%
                          Average mapped length |	95.94
                       Number of splices: Total |	2962774
            Number of splices: Annotated (sjdb) |	2962774
                       Number of splices: GT/AG |	6947
                       Number of splices: GC/AG |	4120
                       Number of splices: AT/AC |	66187
               Number of splices: Non-canonical |	2885520
                      Mismatch rate per base, % |	0.08%
                         Deletion rate per base |	0.25%
                        Deletion average length |	11.46
                        Insertion rate per base |	0.01%
                       Insertion average length |	3.61
                             MULTI-MAPPING READS:
        Number of reads mapped to multiple loci |	15264
             % of reads mapped to multiple loci |	0.24%
        Number of reads mapped to too many loci |	0
             % of reads mapped to too many loci |	0.00%
                                  UNMAPPED READS:
  Number of reads unmapped: too many mismatches |	292844
       % of reads unmapped: too many mismatches |	4.65%
            Number of reads unmapped: too short |	242910
                 % of reads unmapped: too short |	3.85%
                Number of reads unmapped: other |	2896770
                     % of reads unmapped: other |	45.96%
                                  CHIMERIC READS:
                       Number of chimeric reads |	0
                            % of chimeric reads |	0.00%
