                                 Started job on |	Aug 13 01:37:42
                             Started mapping on |	Aug 13 01:37:42
                                    Finished on |	Aug 13 01:57:04
       Mapping speed, Million of reads per hour |	19.75

                          Number of input reads |	6374158
                      Average input read length |	93
                                    UNIQUE READS:
                   Uniquely mapped reads number |	4195627
                        Uniquely mapped reads % |	65.82%
                          Average mapped length |	96.00
                       Number of splices: Total |	4330697
            Number of splices: Annotated (sjdb) |	4330697
                       Number of splices: GT/AG |	23981
                       Number of splices: GC/AG |	18347
                       Number of splices: AT/AC |	83821
               Number of splices: Non-canonical |	4204548
                      Mismatch rate per base, % |	0.11%
                         Deletion rate per base |	0.72%
                        Deletion average length |	11.82
                        Insertion rate per base |	0.01%
                       Insertion average length |	3.84
                             MULTI-MAPPING READS:
        Number of reads mapped to multiple loci |	32639
             % of reads mapped to multiple loci |	0.51%
        Number of reads mapped to too many loci |	2
             % of reads mapped to too many loci |	0.00%
                                  UNMAPPED READS:
  Number of reads unmapped: too many mismatches |	499242
       % of reads unmapped: too many mismatches |	7.83%
            Number of reads unmapped: too short |	222681
                 % of reads unmapped: too short |	3.49%
                Number of reads unmapped: other |	1423967
                     % of reads unmapped: other |	22.34%
                                  CHIMERIC READS:
                       Number of chimeric reads |	0
                            % of chimeric reads |	0.00%
