                                 Started job on |	Aug 13 01:05:04
                             Started mapping on |	Aug 13 01:05:04
                                    Finished on |	Aug 13 01:18:31
       Mapping speed, Million of reads per hour |	26.30

                          Number of input reads |	5896580
                      Average input read length |	94
                                    UNIQUE READS:
                   Uniquely mapped reads number |	4488130
                        Uniquely mapped reads % |	76.11%
                          Average mapped length |	96.13
                       Number of splices: Total |	4636295
            Number of splices: Annotated (sjdb) |	4636295
                       Number of splices: GT/AG |	27655
                       Number of splices: GC/AG |	20222
                       Number of splices: AT/AC |	91865
               Number of splices: Non-canonical |	4496553
                      Mismatch rate per base, % |	0.11%
                         Deletion rate per base |	0.61%
                        Deletion average length |	11.34
                        Insertion rate per base |	0.01%
                       Insertion average length |	3.78
                             MULTI-MAPPING READS:
        Number of reads mapped to multiple loci |	34807
             % of reads mapped to multiple loci |	0.59%
        Number of reads mapped to too many loci |	1
             % of reads mapped to too many loci |	0.00%
                                  UNMAPPED READS:
  Number of reads unmapped: too many mismatches |	449273
       % of reads unmapped: too many mismatches |	7.62%
            Number of reads unmapped: too short |	184167
                 % of reads unmapped: too short |	3.12%
                Number of reads unmapped: other |	740202
                     % of reads unmapped: other |	12.55%
                                  CHIMERIC READS:
                       Number of chimeric reads |	0
                            % of chimeric reads |	0.00%
