                                 Started job on |	Aug 16 09:16:31
                             Started mapping on |	Aug 16 09:16:32
                                    Finished on |	Aug 16 09:53:33
       Mapping speed, Million of reads per hour |	12.18

                          Number of input reads |	7516465
                      Average input read length |	93
                                    UNIQUE READS:
                   Uniquely mapped reads number |	2687364
                        Uniquely mapped reads % |	35.75%
                          Average mapped length |	95.00
                       Number of splices: Total |	2678560
            Number of splices: Annotated (sjdb) |	2678560
                       Number of splices: GT/AG |	13713
                       Number of splices: GC/AG |	1341
                       Number of splices: AT/AC |	12226
               Number of splices: Non-canonical |	2651280
                      Mismatch rate per base, % |	0.08%
                         Deletion rate per base |	0.03%
                        Deletion average length |	6.06
                        Insertion rate per base |	0.08%
                       Insertion average length |	3.79
                             MULTI-MAPPING READS:
        Number of reads mapped to multiple loci |	711458
             % of reads mapped to multiple loci |	9.47%
        Number of reads mapped to too many loci |	0
             % of reads mapped to too many loci |	0.00%
                                  UNMAPPED READS:
  Number of reads unmapped: too many mismatches |	469505
       % of reads unmapped: too many mismatches |	6.25%
            Number of reads unmapped: too short |	438626
                 % of reads unmapped: too short |	5.84%
                Number of reads unmapped: other |	3209512
                     % of reads unmapped: other |	42.70%
                                  CHIMERIC READS:
                       Number of chimeric reads |	0
                            % of chimeric reads |	0.00%
