                                 Started job on |	Aug 13 11:03:12
                             Started mapping on |	Aug 13 11:03:12
                                    Finished on |	Aug 13 11:13:05
       Mapping speed, Million of reads per hour |	30.97

                          Number of input reads |	5101783
                      Average input read length |	94
                                    UNIQUE READS:
                   Uniquely mapped reads number |	4009330
                        Uniquely mapped reads % |	78.59%
                          Average mapped length |	95.90
                       Number of splices: Total |	4166376
            Number of splices: Annotated (sjdb) |	4166376
                       Number of splices: GT/AG |	10610
                       Number of splices: GC/AG |	5211
                       Number of splices: AT/AC |	96895
               Number of splices: Non-canonical |	4053660
                      Mismatch rate per base, % |	0.08%
                         Deletion rate per base |	0.25%
                        Deletion average length |	11.87
                        Insertion rate per base |	0.01%
                       Insertion average length |	3.55
                             MULTI-MAPPING READS:
        Number of reads mapped to multiple loci |	21707
             % of reads mapped to multiple loci |	0.43%
        Number of reads mapped to too many loci |	0
             % of reads mapped to too many loci |	0.00%
                                  UNMAPPED READS:
  Number of reads unmapped: too many mismatches |	323288
       % of reads unmapped: too many mismatches |	6.34%
            Number of reads unmapped: too short |	157440
                 % of reads unmapped: too short |	3.09%
                Number of reads unmapped: other |	590018
                     % of reads unmapped: other |	11.56%
                                  CHIMERIC READS:
                       Number of chimeric reads |	0
                            % of chimeric reads |	0.00%
